  beebit.cpp
C:\Users\Lucy_\Documents\GitHub\beebit-iot\bee_util.h(19,27): warning C4305:  'initializing': truncation from 'double' to 'float'
C:\Users\Lucy_\Documents\GitHub\beebit-iot\net\beenet.h(13,20): warning C4099:  'beebit::Configuration': type name first seen using 'struct' now seen using 'class'
C:\Users\Lucy_\Documents\GitHub\beebit-iot\bee_util.h(9): message :  see declaration of 'beebit::Configuration'
C:\Users\Lucy_\Documents\GitHub\beebit-iot\beebit.cpp(22,50): warning C4244:  'argument': conversion from '_Tp' to '_Tp', possible loss of data
C:\Users\Lucy_\Documents\GitHub\beebit-iot\beebit.cpp(22,50): warning C4244:         with
C:\Users\Lucy_\Documents\GitHub\beebit-iot\beebit.cpp(22,50): warning C4244:         [
C:\Users\Lucy_\Documents\GitHub\beebit-iot\beebit.cpp(22,50): warning C4244:             _Tp=float
C:\Users\Lucy_\Documents\GitHub\beebit-iot\beebit.cpp(22,50): warning C4244:         ]
C:\Users\Lucy_\Documents\GitHub\beebit-iot\beebit.cpp(22,50): warning C4244:         and
C:\Users\Lucy_\Documents\GitHub\beebit-iot\beebit.cpp(22,50): warning C4244:         [
C:\Users\Lucy_\Documents\GitHub\beebit-iot\beebit.cpp(22,50): warning C4244:             _Tp=int
C:\Users\Lucy_\Documents\GitHub\beebit-iot\beebit.cpp(22,50): warning C4244:         ]
C:\Users\Lucy_\Documents\GitHub\beebit-iot\beebit.cpp(22,31): warning C4244:  'argument': conversion from '_Tp' to '_Tp', possible loss of data
C:\Users\Lucy_\Documents\GitHub\beebit-iot\beebit.cpp(22,31): warning C4244:         with
C:\Users\Lucy_\Documents\GitHub\beebit-iot\beebit.cpp(22,31): warning C4244:         [
C:\Users\Lucy_\Documents\GitHub\beebit-iot\beebit.cpp(22,31): warning C4244:             _Tp=float
C:\Users\Lucy_\Documents\GitHub\beebit-iot\beebit.cpp(22,31): warning C4244:         ]
C:\Users\Lucy_\Documents\GitHub\beebit-iot\beebit.cpp(22,31): warning C4244:         and
C:\Users\Lucy_\Documents\GitHub\beebit-iot\beebit.cpp(22,31): warning C4244:         [
C:\Users\Lucy_\Documents\GitHub\beebit-iot\beebit.cpp(22,31): warning C4244:             _Tp=int
C:\Users\Lucy_\Documents\GitHub\beebit-iot\beebit.cpp(22,31): warning C4244:         ]
C:\Users\Lucy_\Documents\GitHub\beebit-iot\beebit.cpp(33,15): warning C4244:  'initializing': conversion from '_Tp' to 'float', possible loss of data
C:\Users\Lucy_\Documents\GitHub\beebit-iot\beebit.cpp(33,15): warning C4244:         with
C:\Users\Lucy_\Documents\GitHub\beebit-iot\beebit.cpp(33,15): warning C4244:         [
C:\Users\Lucy_\Documents\GitHub\beebit-iot\beebit.cpp(33,15): warning C4244:             _Tp=int
C:\Users\Lucy_\Documents\GitHub\beebit-iot\beebit.cpp(33,15): warning C4244:         ]
  main.cpp
  beenet.cpp
C:\Users\Lucy_\Documents\GitHub\beebit-iot\beebit.cpp(34,16): warning C4244:  'return': conversion from 'double' to 'float', possible loss of data
C:\Users\Lucy_\Documents\GitHub\beebit-iot\bee_util.h(9,22): warning C4099:  'beebit::Configuration': type name first seen using 'class' now seen using 'struct'
C:\Users\Lucy_\Documents\GitHub\beebit-iot\bee_util.h(9): message :  see declaration of 'beebit::Configuration'
C:\Users\Lucy_\Documents\GitHub\beebit-iot\bee_util.h(19,27): warning C4305:  'initializing': truncation from 'double' to 'float'
C:\Users\Lucy_\Documents\GitHub\beebit-iot\net\beenet.cpp(21,34): warning C4018:  '<': signed/unsigned mismatch
C:\Users\Lucy_\Documents\GitHub\beebit-iot\net\beenet.cpp(37,78): warning C4244:  'argument': conversion from 'float' to '_Tp', possible loss of data
C:\Users\Lucy_\Documents\GitHub\beebit-iot\net\beenet.cpp(37,78): warning C4244:         with
C:\Users\Lucy_\Documents\GitHub\beebit-iot\net\beenet.cpp(37,78): warning C4244:         [
C:\Users\Lucy_\Documents\GitHub\beebit-iot\net\beenet.cpp(37,78): warning C4244:             _Tp=int
C:\Users\Lucy_\Documents\GitHub\beebit-iot\net\beenet.cpp(37,78): warning C4244:         ]
C:\Users\Lucy_\Documents\GitHub\beebit-iot\net\beenet.cpp(36,76): warning C4244:  'argument': conversion from 'float' to '_Tp', possible loss of data
C:\Users\Lucy_\Documents\GitHub\beebit-iot\net\beenet.cpp(36,76): warning C4244:         with
C:\Users\Lucy_\Documents\GitHub\beebit-iot\net\beenet.cpp(36,76): warning C4244:         [
C:\Users\Lucy_\Documents\GitHub\beebit-iot\net\beenet.cpp(36,76): warning C4244:             _Tp=int
C:\Users\Lucy_\Documents\GitHub\beebit-iot\net\beenet.cpp(36,76): warning C4244:         ]
C:\Users\Lucy_\Documents\GitHub\beebit-iot\net\beenet.cpp(35,75): warning C4244:  'argument': conversion from 'float' to '_Tp', possible loss of data
C:\Users\Lucy_\Documents\GitHub\beebit-iot\net\beenet.cpp(35,75): warning C4244:         with
C:\Users\Lucy_\Documents\GitHub\beebit-iot\net\beenet.cpp(35,75): warning C4244:         [
C:\Users\Lucy_\Documents\GitHub\beebit-iot\net\beenet.cpp(35,75): warning C4244:             _Tp=int
C:\Users\Lucy_\Documents\GitHub\beebit-iot\net\beenet.cpp(35,75): warning C4244:         ]
  centroid_tracker.cpp
C:\Users\Lucy_\Documents\GitHub\beebit-iot\net\beenet.cpp(34,75): warning C4244:  'argument': conversion from 'float' to '_Tp', possible loss of data
C:\Users\Lucy_\Documents\GitHub\beebit-iot\net\beenet.cpp(34,75): warning C4244:         with
C:\Users\Lucy_\Documents\GitHub\beebit-iot\net\beenet.cpp(34,75): warning C4244:         [
C:\Users\Lucy_\Documents\GitHub\beebit-iot\net\beenet.cpp(34,75): warning C4244:             _Tp=int
C:\Users\Lucy_\Documents\GitHub\beebit-iot\net\beenet.cpp(34,75): warning C4244:         ]
C:\Users\Lucy_\Documents\GitHub\beebit-iot\tracking\centroid_tracker.cpp(50,23): warning C4018:  '<': signed/unsigned mismatch
C:\Users\Lucy_\Documents\GitHub\beebit-iot\tracking\centroid_tracker.cpp(72,27): warning C4018:  '<': signed/unsigned mismatch
  Generating Code...
C:\Users\Lucy_\Documents\GitHub\beebit-iot\tracking\centroid_tracker.cpp(116,23): warning C4018:  '<': signed/unsigned mismatch
beebit.obj : error LNK2019: unresolved external symbol "void __cdecl cv::error(int,class std::basic_string<char,struct std::char_traits<char>,class std::allocator<char> > const &,char const *,char const *,int)" (?error@cv@@YAXHABV?$basic_string@DU?$char_traits@D@std@@V?$allocator@D@2@@std@@PBD1H@Z) referenced in function "public: int const & __thiscall cv::Vec<int,2>::operator[](int)const " (??A?$Vec@H$01@cv@@QBEABHH@Z)
beenet.obj : error LNK2001: unresolved external symbol "void __cdecl cv::error(int,class std::basic_string<char,struct std::char_traits<char>,class std::allocator<char> > const &,char const *,char const *,int)" (?error@cv@@YAXHABV?$basic_string@DU?$char_traits@D@std@@V?$allocator@D@2@@std@@PBD1H@Z)
beebit.obj : error LNK2019: unresolved external symbol "public: __thiscall cv::UMat::~UMat(void)" (??1UMat@cv@@QAE@XZ) referenced in function __catch$?begin@PeopleCounter@beebit@@QAEXXZ$0
beenet.obj : error LNK2001: unresolved external symbol "public: __thiscall cv::UMat::~UMat(void)" (??1UMat@cv@@QAE@XZ)
beebit.obj : error LNK2019: unresolved external symbol "void __cdecl cv::ocl::setUseOpenCL(bool)" (?setUseOpenCL@ocl@cv@@YAX_N@Z) referenced in function "public: __thiscall beebit::PeopleCounter::PeopleCounter(int)" (??0PeopleCounter@beebit@@QAE@H@Z)
beebit.obj : error LNK2019: unresolved external symbol "public: __thiscall cv::VideoCapture::VideoCapture(void)" (??0VideoCapture@cv@@QAE@XZ) referenced in function "public: __thiscall beebit::PeopleCounter::PeopleCounter(int)" (??0PeopleCounter@beebit@@QAE@H@Z)
beebit.obj : error LNK2019: unresolved external symbol "public: virtual __thiscall cv::VideoCapture::~VideoCapture(void)" (??1VideoCapture@cv@@UAE@XZ) referenced in function "public: __thiscall beebit::PeopleCounter::~PeopleCounter(void)" (??1PeopleCounter@beebit@@QAE@XZ)
beebit.obj : error LNK2019: unresolved external symbol "void __cdecl cv::namedWindow(class std::basic_string<char,struct std::char_traits<char>,class std::allocator<char> > const &,int)" (?namedWindow@cv@@YAXABV?$basic_string@DU?$char_traits@D@std@@V?$allocator@D@2@@std@@H@Z) referenced in function "public: void __thiscall beebit::PeopleCounter::begin(void)" (?begin@PeopleCounter@beebit@@QAEXXZ)
beebit.obj : error LNK2019: unresolved external symbol "void __cdecl cv::destroyAllWindows(void)" (?destroyAllWindows@cv@@YAXXZ) referenced in function "public: __thiscall beebit::PeopleCounter::~PeopleCounter(void)" (??1PeopleCounter@beebit@@QAE@XZ)
beebit.obj : error LNK2019: unresolved external symbol "int __cdecl cv::waitKey(int)" (?waitKey@cv@@YAHH@Z) referenced in function __catch$?begin@PeopleCounter@beebit@@QAEXXZ$0
beebit.obj : error LNK2019: unresolved external symbol "void __cdecl cv::imshow(class std::basic_string<char,struct std::char_traits<char>,class std::allocator<char> > const &,class cv::debug_build_guard::_InputArray const &)" (?imshow@cv@@YAXABV?$basic_string@DU?$char_traits@D@std@@V?$allocator@D@2@@std@@ABV_InputArray@debug_build_guard@1@@Z) referenced in function __catch$?begin@PeopleCounter@beebit@@QAEXXZ$0
beebit.obj : error LNK2019: unresolved external symbol "void __cdecl cv::line(class cv::debug_build_guard::_InputOutputArray const &,class cv::Point_<int>,class cv::Point_<int>,class cv::Scalar_<double> const &,int,int,int)" (?line@cv@@YAXABV_InputOutputArray@debug_build_guard@1@V?$Point_@H@1@1ABV?$Scalar_@N@1@HHH@Z) referenced in function __catch$?begin@PeopleCounter@beebit@@QAEXXZ$0
beebit.obj : error LNK2019: unresolved external symbol "void __cdecl cv::rectangle(class cv::debug_build_guard::_InputOutputArray const &,class cv::Rect_<int>,class cv::Scalar_<double> const &,int,int,int)" (?rectangle@cv@@YAXABV_InputOutputArray@debug_build_guard@1@V?$Rect_@H@1@ABV?$Scalar_@N@1@HHH@Z) referenced in function __catch$?begin@PeopleCounter@beebit@@QAEXXZ$0
beebit.obj : error LNK2019: unresolved external symbol "void __cdecl cv::circle(class cv::debug_build_guard::_InputOutputArray const &,class cv::Point_<int>,int,class cv::Scalar_<double> const &,int,int,int)" (?circle@cv@@YAXABV_InputOutputArray@debug_build_guard@1@V?$Point_@H@1@HABV?$Scalar_@N@1@HHH@Z) referenced in function __catch$?begin@PeopleCounter@beebit@@QAEXXZ$0
beebit.obj : error LNK2019: unresolved external symbol "void __cdecl cv::putText(class cv::debug_build_guard::_InputOutputArray const &,class std::basic_string<char,struct std::char_traits<char>,class std::allocator<char> > const &,class cv::Point_<int>,int,double,class cv::Scalar_<double>,int,int,bool)" (?putText@cv@@YAXABV_InputOutputArray@debug_build_guard@1@ABV?$basic_string@DU?$char_traits@D@std@@V?$allocator@D@2@@std@@V?$Point_@H@1@HNV?$Scalar_@N@1@HH_N@Z) referenced in function __catch$?begin@PeopleCounter@beebit@@QAEXXZ$0
beebit.obj : error LNK2019: unresolved external symbol "public: bool __thiscall cv::Tracker::init(class cv::debug_build_guard::_InputArray const &,class cv::Rect_<double> const &)" (?init@Tracker@cv@@QAE_NABV_InputArray@debug_build_guard@2@ABV?$Rect_@N@2@@Z) referenced in function __catch$?begin@PeopleCounter@beebit@@QAEXXZ$0
beebit.obj : error LNK2019: unresolved external symbol "public: bool __thiscall cv::Tracker::update(class cv::debug_build_guard::_InputArray const &,class cv::Rect_<double> &)" (?update@Tracker@cv@@QAE_NABV_InputArray@debug_build_guard@2@AAV?$Rect_@N@2@@Z) referenced in function __catch$?begin@PeopleCounter@beebit@@QAEXXZ$0
beebit.obj : error LNK2019: unresolved external symbol "public: static struct cv::Ptr<class cv::TrackerKCF> __cdecl cv::TrackerKCF::create(void)" (?create@TrackerKCF@cv@@SA?AU?$Ptr@VTrackerKCF@cv@@@2@XZ) referenced in function __catch$?begin@PeopleCounter@beebit@@QAEXXZ$0
beebit.obj : error LNK2019: unresolved external symbol "public: static struct cv::Ptr<class cv::TrackerCSRT> __cdecl cv::TrackerCSRT::create(void)" (?create@TrackerCSRT@cv@@SA?AU?$Ptr@VTrackerCSRT@cv@@@2@XZ) referenced in function __catch$?begin@PeopleCounter@beebit@@QAEXXZ$0
beebit.obj : error LNK2019: unresolved external symbol "public: __thiscall beebit::BeeNet::BeeNet(struct beebit::Configuration const *)" (??0BeeNet@beebit@@QAE@PBUConfiguration@1@@Z) referenced in function "class std::unique_ptr<class beebit::BeeNet,struct std::default_delete<class beebit::BeeNet> > __cdecl std::make_unique<class beebit::BeeNet,struct beebit::Configuration * &,0>(struct beebit::Configuration * &)" (??$make_unique@VBeeNet@beebit@@AAPAUConfiguration@2@$0A@@std@@YA?AV?$unique_ptr@VBeeNet@beebit@@U?$default_delete@VBeeNet@beebit@@@std@@@0@AAPAUConfiguration@beebit@@@Z)
beenet.obj : error LNK2019: unresolved external symbol "void __cdecl cv::fastFree(void *)" (?fastFree@cv@@YAXPAX@Z) referenced in function "public: __thiscall cv::Mat::~Mat(void)" (??1Mat@cv@@QAE@XZ)
beenet.obj : error LNK2019: unresolved external symbol "class cv::debug_build_guard::_InputOutputArray const & __cdecl cv::noArray(void)" (?noArray@cv@@YAABV_InputOutputArray@debug_build_guard@1@XZ) referenced in function "private: class std::vector<class cv::Rect_<int>,class std::allocator<class cv::Rect_<int> > > __thiscall beebit::BeeNet::blobToRects(class cv::UMat const &,class std::vector<class cv::Mat,class std::allocator<class cv::Mat> > const &,class cv::Size_<int> const &)" (?blobToRects@BeeNet@beebit@@AAE?AV?$vector@V?$Rect_@H@cv@@V?$allocator@V?$Rect_@H@cv@@@std@@@std@@ABVUMat@cv@@ABV?$vector@VMat@cv@@V?$allocator@VMat@cv@@@std@@@4@ABV?$Size_@H@6@@Z)
beenet.obj : error LNK2019: unresolved external symbol "public: __thiscall cv::Mat::Mat(class cv::Mat const &,class cv::Range const &,class cv::Range const &)" (??0Mat@cv@@QAE@ABV01@ABVRange@1@1@Z) referenced in function "public: class cv::Mat __thiscall cv::Mat::colRange(int,int)const " (?colRange@Mat@cv@@QBE?AV12@HH@Z)
beenet.obj : error LNK2019: unresolved external symbol "public: void __thiscall cv::Mat::deallocate(void)" (?deallocate@Mat@cv@@QAEXXZ) referenced in function "public: void __thiscall cv::Mat::release(void)" (?release@Mat@cv@@QAEXXZ)
beenet.obj : error LNK2019: unresolved external symbol "void __cdecl cv::minMaxLoc(class cv::debug_build_guard::_InputArray const &,double *,double *,class cv::Point_<int> *,class cv::Point_<int> *,class cv::debug_build_guard::_InputArray const &)" (?minMaxLoc@cv@@YAXABV_InputArray@debug_build_guard@1@PAN1PAV?$Point_@H@1@20@Z) referenced in function "private: class std::vector<class cv::Rect_<int>,class std::allocator<class cv::Rect_<int> > > __thiscall beebit::BeeNet::blobToRects(class cv::UMat const &,class std::vector<class cv::Mat,class std::allocator<class cv::Mat> > const &,class cv::Size_<int> const &)" (?blobToRects@BeeNet@beebit@@AAE?AV?$vector@V?$Rect_@H@cv@@V?$allocator@V?$Rect_@H@cv@@@std@@@std@@ABVUMat@cv@@ABV?$vector@VMat@cv@@V?$allocator@VMat@cv@@@std@@@4@ABV?$Size_@H@6@@Z)
beenet.obj : error LNK2019: unresolved external symbol "public: __thiscall cv::dnn::dnn4_v20190621::Net::~Net(void)" (??1Net@dnn4_v20190621@dnn@cv@@QAE@XZ) referenced in function "public: __thiscall beebit::BeeNet::BeeNet(class beebit::Configuration const *)" (??0BeeNet@beebit@@QAE@PBVConfiguration@1@@Z)
beenet.obj : error LNK2019: unresolved external symbol "public: struct cv::Ptr<class cv::dnn::dnn4_v20190621::Layer> __thiscall cv::dnn::dnn4_v20190621::Net::getLayer(struct cv::dnn::dnn4_v20190621::DictValue)" (?getLayer@Net@dnn4_v20190621@dnn@cv@@QAE?AU?$Ptr@VLayer@dnn4_v20190621@dnn@cv@@@4@UDictValue@234@@Z) referenced in function "private: class std::vector<class cv::Rect_<int>,class std::allocator<class cv::Rect_<int> > > __thiscall beebit::BeeNet::blobToRects(class cv::UMat const &,class std::vector<class cv::Mat,class std::allocator<class cv::Mat> > const &,class cv::Size_<int> const &)" (?blobToRects@BeeNet@beebit@@AAE?AV?$vector@V?$Rect_@H@cv@@V?$allocator@V?$Rect_@H@cv@@@std@@@std@@ABVUMat@cv@@ABV?$vector@VMat@cv@@V?$allocator@VMat@cv@@@std@@@4@ABV?$Size_@H@6@@Z)
beenet.obj : error LNK2019: unresolved external symbol "public: void __thiscall cv::dnn::dnn4_v20190621::Net::forward(class cv::debug_build_guard::_OutputArray const &,class std::vector<class std::basic_string<char,struct std::char_traits<char>,class std::allocator<char> >,class std::allocator<class std::basic_string<char,struct std::char_traits<char>,class std::allocator<char> > > > const &)" (?forward@Net@dnn4_v20190621@dnn@cv@@QAEXABV_OutputArray@debug_build_guard@4@ABV?$vector@V?$basic_string@DU?$char_traits@D@std@@V?$allocator@D@2@@std@@V?$allocator@V?$basic_string@DU?$char_traits@D@std@@V?$allocator@D@2@@std@@@2@@std@@@Z) referenced in function "public: class std::vector<class cv::Rect_<int>,class std::allocator<class cv::Rect_<int> > > __thiscall beebit::BeeNet::getDetections(class cv::UMat const &,class cv::Size_<int> const &)" (?getDetections@BeeNet@beebit@@QAE?AV?$vector@V?$Rect_@H@cv@@V?$allocator@V?$Rect_@H@cv@@@std@@@std@@ABVUMat@cv@@ABV?$Size_@H@6@@Z)
beenet.obj : error LNK2019: unresolved external symbol "public: void __thiscall cv::dnn::dnn4_v20190621::Net::setInput(class cv::debug_build_guard::_InputArray const &,class std::basic_string<char,struct std::char_traits<char>,class std::allocator<char> > const &,double,class cv::Scalar_<double> const &)" (?setInput@Net@dnn4_v20190621@dnn@cv@@QAEXABV_InputArray@debug_build_guard@4@ABV?$basic_string@DU?$char_traits@D@std@@V?$allocator@D@2@@std@@NABV?$Scalar_@N@4@@Z) referenced in function "public: class std::vector<class cv::Rect_<int>,class std::allocator<class cv::Rect_<int> > > __thiscall beebit::BeeNet::getDetections(class cv::UMat const &,class cv::Size_<int> const &)" (?getDetections@BeeNet@beebit@@QAE?AV?$vector@V?$Rect_@H@cv@@V?$allocator@V?$Rect_@H@cv@@@std@@@std@@ABVUMat@cv@@ABV?$Size_@H@6@@Z)
beenet.obj : error LNK2019: unresolved external symbol "public: class std::vector<int,class std::allocator<int> > __thiscall cv::dnn::dnn4_v20190621::Net::getUnconnectedOutLayers(void)const " (?getUnconnectedOutLayers@Net@dnn4_v20190621@dnn@cv@@QBE?AV?$vector@HV?$allocator@H@std@@@std@@XZ) referenced in function "private: class std::vector<class cv::Rect_<int>,class std::allocator<class cv::Rect_<int> > > __thiscall beebit::BeeNet::blobToRects(class cv::UMat const &,class std::vector<class cv::Mat,class std::allocator<class cv::Mat> > const &,class cv::Size_<int> const &)" (?blobToRects@BeeNet@beebit@@AAE?AV?$vector@V?$Rect_@H@cv@@V?$allocator@V?$Rect_@H@cv@@@std@@@std@@ABVUMat@cv@@ABV?$vector@VMat@cv@@V?$allocator@VMat@cv@@@std@@@4@ABV?$Size_@H@6@@Z)
beenet.obj : error LNK2019: unresolved external symbol "public: class std::vector<class std::basic_string<char,struct std::char_traits<char>,class std::allocator<char> >,class std::allocator<class std::basic_string<char,struct std::char_traits<char>,class std::allocator<char> > > > __thiscall cv::dnn::dnn4_v20190621::Net::getUnconnectedOutLayersNames(void)const " (?getUnconnectedOutLayersNames@Net@dnn4_v20190621@dnn@cv@@QBE?AV?$vector@V?$basic_string@DU?$char_traits@D@std@@V?$allocator@D@2@@std@@V?$allocator@V?$basic_string@DU?$char_traits@D@std@@V?$allocator@D@2@@std@@@2@@std@@XZ) referenced in function "public: __thiscall beebit::BeeNet::BeeNet(class beebit::Configuration const *)" (??0BeeNet@beebit@@QAE@PBVConfiguration@1@@Z)
beenet.obj : error LNK2019: unresolved external symbol "class cv::dnn::dnn4_v20190621::Net __cdecl cv::dnn::dnn4_v20190621::readNetFromDarknet(class std::basic_string<char,struct std::char_traits<char>,class std::allocator<char> > const &,class std::basic_string<char,struct std::char_traits<char>,class std::allocator<char> > const &)" (?readNetFromDarknet@dnn4_v20190621@dnn@cv@@YA?AVNet@123@ABV?$basic_string@DU?$char_traits@D@std@@V?$allocator@D@2@@std@@0@Z) referenced in function "public: __thiscall beebit::BeeNet::BeeNet(class beebit::Configuration const *)" (??0BeeNet@beebit@@QAE@PBVConfiguration@1@@Z)
beenet.obj : error LNK2019: unresolved external symbol "class cv::Mat __cdecl cv::dnn::dnn4_v20190621::blobFromImage(class cv::debug_build_guard::_InputArray const &,double,class cv::Size_<int> const &,class cv::Scalar_<double> const &,bool,bool,int)" (?blobFromImage@dnn4_v20190621@dnn@cv@@YA?AVMat@3@ABV_InputArray@debug_build_guard@3@NABV?$Size_@H@3@ABV?$Scalar_@N@3@_N3H@Z) referenced in function "public: class std::vector<class cv::Rect_<int>,class std::allocator<class cv::Rect_<int> > > __thiscall beebit::BeeNet::getDetections(class cv::UMat const &,class cv::Size_<int> const &)" (?getDetections@BeeNet@beebit@@QAE?AV?$vector@V?$Rect_@H@cv@@V?$allocator@V?$Rect_@H@cv@@@std@@@std@@ABVUMat@cv@@ABV?$Size_@H@6@@Z)
beenet.obj : error LNK2019: unresolved external symbol "void __cdecl cv::resize(class cv::debug_build_guard::_InputArray const &,class cv::debug_build_guard::_OutputArray const &,class cv::Size_<int>,double,double,int)" (?resize@cv@@YAXABV_InputArray@debug_build_guard@1@ABV_OutputArray@31@V?$Size_@H@1@NNH@Z) referenced in function "public: class std::vector<class cv::Rect_<int>,class std::allocator<class cv::Rect_<int> > > __thiscall beebit::BeeNet::getDetections(class cv::UMat const &,class cv::Size_<int> const &)" (?getDetections@BeeNet@beebit@@QAE?AV?$vector@V?$Rect_@H@cv@@V?$allocator@V?$Rect_@H@cv@@@std@@@std@@ABVUMat@cv@@ABV?$Size_@H@6@@Z)
MSVCRTD.lib(exe_winmain.obj) : error LNK2019: unresolved external symbol _WinMain@16 referenced in function "int __cdecl invoke_main(void)" (?invoke_main@@YAHXZ)
C:\Users\Lucy_\Documents\GitHub\beebit-iot\Debug\beebit-iot.exe : fatal error LNK1120: 33 unresolved externals
